@itzmetanjim ➜ /workspaces/cursh (main) $ /home/codespace/.python/current/bin/python /workspaces/cursh/check.py
 13%|█████▌                                    | 15/113 [00:09<01:01,  1.58it/s]WARN App CapRover with version [] is invalid
 14%|█████▉                                    | 16/113 [00:09<00:49,  1.97it/s]ERROR App Coolify with version [] request failed: HTTPSConnectionPool(host='get.coolify.io', port=443): Max retries exceeded with url: /install.sh (Caused by NameResolutionError("<urllib3.connection.HTTPSConnection object at 0x720b597e2c60>: Failed to resolve 'get.coolify.io' ([Errno -2] Name or service not known)")), url: https://get.coolify.io/install.sh
 42%|█████████████████▍                        | 47/113 [01:16<07:12,  6.55s/it]WARN App eza with version [] is invalid
 44%|██████████████████▌                       | 50/113 [01:17<02:40,  2.54s/it]WARN App lazygit with version [] is invalid
 50%|████████████████████▊                     | 56/113 [01:24<01:17,  1.36s/it]WARN App V Lang with version ['master'] is invalid
 56%|███████████████████████▍                  | 63/113 [01:58<05:31,  6.62s/it]WARN App kubectx with version ['0.9.5'] is invalid
WARN App kubectx with version ['0.9.4'] is invalid
WARN App kubectx with version ['0.9.3'] is invalid
 60%|█████████████████████████▎                | 68/113 [02:07<02:12,  2.94s/it]WARN App Glow with version ['1.5.1', '1.5.1'] is invalid
 62%|██████████████████████████                | 70/113 [02:14<02:13,  3.12s/it]WARN App Nextcloud AIO with version [] is invalid
 64%|██████████████████████████▊               | 72/113 [02:15<01:17,  1.89s/it]ERROR App Caddy Server with version [] request failed: HTTPSConnectionPool(host='getcaddy.com', port=443): Max retries exceeded with url: / (Caused by SSLError(SSLError(1, '[SSL: TLSV1_ALERT_INTERNAL_ERROR] tlsv1 alert internal error (_ssl.c:1000)'))), url: https://getcaddy.com
 66%|███████████████████████████▉              | 75/113 [02:18<00:48,  1.27s/it]WARN App Appwrite with version [] is invalid
 70%|█████████████████████████████▎            | 79/113 [03:05<04:49,  8.52s/it]WARN App DigitalOcean CLI (doctl) with version ['1.105.1', '1.105.1'] is invalid
 71%|█████████████████████████████▋            | 80/113 [03:10<04:11,  7.61s/it]ERROR App Earthly with version [] request failed: HTTPSConnectionPool(host='get.earthly.dev', port=443): Max retries exceeded with url: / (Caused by NameResolutionError("<urllib3.connection.HTTPSConnection object at 0x720b597e3530>: Failed to resolve 'get.earthly.dev' ([Errno -2] Name or service not known)")), url: https://get.earthly.dev
 73%|██████████████████████████████▊           | 83/113 [03:22<03:06,  6.20s/it]WARN App Grafana Agent with version [] is invalid
 77%|████████████████████████████████▎         | 87/113 [03:32<01:23,  3.22s/it]WARN App Jellyfin with version [] is invalid
 78%|████████████████████████████████▋         | 88/113 [03:33<01:05,  2.61s/it]WARN App KubeVela with version [] is invalid
 80%|█████████████████████████████████▍        | 90/113 [03:34<00:36,  1.57s/it]WARN App Loki with version [] is invalid
 81%|█████████████████████████████████▊        | 91/113 [03:34<00:27,  1.24s/it]WARN App Mastodon with version [] is invalid
 82%|██████████████████████████████████▌       | 93/113 [03:36<00:19,  1.05it/s]WARN App Multipass with version ['1.14.1', '1.14.1'] is invalid
WARN App Multipass with version ['1.14.0', '1.14.0'] is invalid
WARN App Multipass with version ['1.13.1', '1.13.1'] is invalid
 84%|███████████████████████████████████▎      | 95/113 [03:38<00:16,  1.10it/s]WARN App Octopus Deploy Tentacle with version [] is invalid
 85%|███████████████████████████████████▋      | 96/113 [03:39<00:16,  1.04it/s]ERROR App OpenFaaS with version [] request failed: HTTPSConnectionPool(host='get.openfaas.com', port=443): Max retries exceeded with url: / (Caused by NameResolutionError("<urllib3.connection.HTTPSConnection object at 0x720b59805970>: Failed to resolve 'get.openfaas.com' ([Errno -2] Name or service not known)")), url: https://get.openfaas.com
 86%|████████████████████████████████████      | 97/113 [03:39<00:13,  1.22it/s]WARN App Plex Media Server with version [] is invalid
 94%|██████████████████████████████████████▍  | 106/113 [04:13<00:17,  2.56s/it]WARN App Stripe CLI with version ['1.20.2', '1.20.2'] is invalid
WARN App Stripe CLI with version ['1.20.1', '1.20.1'] is invalid
 95%|██████████████████████████████████████▊  | 107/113 [04:15<00:14,  2.46s/it]WARN App Supabase CLI with version ['1.181.5', '1.181.5'] is invalid
WARN App Supabase CLI with version ['1.180.3', '1.180.3'] is invalid
 97%|███████████████████████████████████████▉ | 110/113 [04:21<00:05,  1.72s/it]WARN App Uptime Kuma with version [] is invalid
 99%|████████████████████████████████████████▋| 112/113 [04:22<00:01,  1.31s/it]WARN App Zabbix Agent with version ['7.0', '7.0'] is invalid
WARN App Zabbix Agent with version ['6.4', '6.4'] is invalid
WARN App Zabbix Agent with version ['6.0', '6.0'] is invalid
100%|█████████████████████████████████████████| 113/113 [04:25<00:00,  2.35s/it]

Invalid apps:



- KubeVela
- Loki
- Mastodon
- Multipass
- Octopus Deploy Tentacle
- OpenFaaS
- Plex Media Server
- Stripe CLI
- Supabase CLI
- Uptime Kuma
- Zabbix Agent